T7E7C 1679:292.048   SEGGER J-Link V7.50a Log File
T7E7C 1679:292.111   DLL Compiled: Jul  8 2021 18:16:52
T7E7C 1679:292.132   Logging started @ 2021-08-03 21:21
T7E7C 1679:292.151 - 4336.553ms
T7E7C 1679:292.293 JLINK_EMU_SelectByUSBSN(SerialNo = 174403822)
T7E7C 1679:293.168 - 0.892ms returns 0xFFFFFFFF
T7E7C 1679:293.199 JLINK_OpenEx(...)
T7E7C 1679:294.149   Looking for J-Link GUI Server exe at: C:\Program Files (x86)\Atmel\Studio\7.0\atbackend\JLinkGUIServer.exe
T7E7C 1679:294.238   Looking for J-Link GUI Server exe at: C:\Program Files\SEGGER\JLink\JLinkGUIServer.exe
T7E7C 1679:294.291   Forking J-Link GUI Server: C:\Program Files\SEGGER\JLink\JLinkGUIServer.exe
T7E7C 1679:296.733   J-Link GUI Server info: "J-Link GUI server V7.50a "
T7E7C 1680:082.242 - 789.059ms returns "Failed to open DLL"
T7E7C 1680:082.312 JLINK_ExecCommand("ProjectFile = E:\dev\twokey home\firmware\firmware\jlink.config", ...). 
T7E7C 1680:082.693 - 0.386ms returns 0x00
T7E7C 1680:083.560 JLINK_SetLogFile(...)
T7E7C 1680:083.568 - 0.011ms
T58F8 1680:581.593 JLINK_EMU_GetList(InterfaceMask = 0x00000001, MaxInfos = 0x00000032) 
T58F8 1680:582.383 - 0.795ms returns 0
T58F8 1680:582.395 JLINK_EMU_GetList(InterfaceMask = 0x00000002, MaxInfos = 0x00000032) 
T58F8 1680:605.848 - 23.462ms returns 0
T58F8 1681:887.417 JLINK_EMU_GetList(InterfaceMask = 0x00000001, MaxInfos = 0x00000032) 
T58F8 1681:888.224 - 0.813ms returns 0
T58F8 1681:888.236 JLINK_EMU_GetList(InterfaceMask = 0x00000002, MaxInfos = 0x00000032) 
T58F8 1681:911.447 - 23.218ms returns 0
T58F8 1683:200.190 JLINK_EMU_GetList(InterfaceMask = 0x00000001, MaxInfos = 0x00000032) 
T58F8 1683:200.977 - 0.792ms returns 0
T58F8 1683:200.988 JLINK_EMU_GetList(InterfaceMask = 0x00000002, MaxInfos = 0x00000032) 
T58F8 1683:223.973 - 22.991ms returns 0
T58F8 1684:518.612 JLINK_EMU_GetList(InterfaceMask = 0x00000001, MaxInfos = 0x00000032) 
T58F8 1684:519.403 - 0.796ms returns 0
T58F8 1684:519.414 JLINK_EMU_GetList(InterfaceMask = 0x00000002, MaxInfos = 0x00000032) 
T58F8 1684:542.372 - 22.965ms returns 0
T58F8 1685:834.958 JLINK_EMU_GetList(InterfaceMask = 0x00000001, MaxInfos = 0x00000032) 
T58F8 1685:835.814 - 0.862ms returns 0
T58F8 1685:835.826 JLINK_EMU_GetList(InterfaceMask = 0x00000002, MaxInfos = 0x00000032) 
T58F8 1685:858.795 - 22.988ms returns 0
T58F8 1687:140.215 JLINK_EMU_GetList(InterfaceMask = 0x00000001, MaxInfos = 0x00000032) 
T58F8 1687:141.294 - 1.086ms returns 0
T58F8 1687:141.308 JLINK_EMU_GetList(InterfaceMask = 0x00000002, MaxInfos = 0x00000032) 
T58F8 1687:165.097 - 23.799ms returns 0
T58F8 1688:456.895 JLINK_EMU_GetList(InterfaceMask = 0x00000001, MaxInfos = 0x00000032) 
T58F8 1688:457.769 - 0.880ms returns 0
T58F8 1688:457.782 JLINK_EMU_GetList(InterfaceMask = 0x00000002, MaxInfos = 0x00000032) 
T58F8 1688:481.392 - 23.618ms returns 0
