T5324 036:579.145   SEGGER J-Link V7.50a Log File
T5324 036:579.220   DLL Compiled: Jul  8 2021 18:16:52
T5324 036:579.243   Logging started @ 2021-08-04 22:41
T5324 036:579.265 - 37.293ms
T65A8 042:676.632 JLINK_EMU_GetList(InterfaceMask = 0x00000001, MaxInfos = 0x00000032) 
T65A8 042:677.576   [0]: USB, S/N: 174403822
T65A8 042:677.614 - 0.992ms returns 1
T65A8 042:677.694 JLINK_EMU_GetList(InterfaceMask = 0x00000002, MaxInfos = 0x00000032) 
T65A8 042:700.720 - 23.045ms returns 0
T65A8 043:909.776 JLINK_EMU_GetList(InterfaceMask = 0x00000001, MaxInfos = 0x00000032) 
T65A8 043:910.709   [0]: USB, S/N: 174403822
T65A8 043:910.747 - 0.980ms returns 1
T65A8 043:910.825 JLINK_EMU_GetList(InterfaceMask = 0x00000002, MaxInfos = 0x00000032) 
T65A8 043:934.002 - 23.185ms returns 0
T65A8 045:154.545 JLINK_EMU_GetList(InterfaceMask = 0x00000001, MaxInfos = 0x00000032) 
T65A8 045:155.455   [0]: USB, S/N: 174403822
T65A8 045:155.465 - 0.923ms returns 1
T65A8 045:155.529 JLINK_EMU_GetList(InterfaceMask = 0x00000002, MaxInfos = 0x00000032) 
T65A8 045:178.285 - 22.764ms returns 0
T65A8 046:389.585 JLINK_EMU_GetList(InterfaceMask = 0x00000001, MaxInfos = 0x00000032) 
T65A8 046:390.483   [0]: USB, S/N: 174403822
T65A8 046:390.494 - 0.912ms returns 1
T65A8 046:390.563 JLINK_EMU_GetList(InterfaceMask = 0x00000002, MaxInfos = 0x00000032) 
T65A8 046:413.556 - 22.999ms returns 0
T65A8 047:629.524 JLINK_EMU_GetList(InterfaceMask = 0x00000001, MaxInfos = 0x00000032) 
T65A8 047:630.407   [0]: USB, S/N: 174403822
T65A8 047:630.418 - 0.896ms returns 1
T65A8 047:630.482 JLINK_EMU_GetList(InterfaceMask = 0x00000002, MaxInfos = 0x00000032) 
T65A8 047:653.843 - 23.371ms returns 0
T65A8 048:858.441 JLINK_EMU_GetList(InterfaceMask = 0x00000001, MaxInfos = 0x00000032) 
T65A8 048:859.325   [0]: USB, S/N: 174403822
T65A8 048:859.335 - 0.897ms returns 1
T65A8 048:859.397 JLINK_EMU_GetList(InterfaceMask = 0x00000002, MaxInfos = 0x00000032) 
T65A8 048:882.157 - 22.777ms returns 0
T65A8 050:091.219 JLINK_EMU_GetList(InterfaceMask = 0x00000001, MaxInfos = 0x00000032) 
T65A8 050:092.107   [0]: USB, S/N: 174403822
T65A8 050:092.118 - 0.901ms returns 1
T65A8 050:092.183 JLINK_EMU_GetList(InterfaceMask = 0x00000002, MaxInfos = 0x00000032) 
T65A8 050:115.415 - 23.253ms returns 0
T65A8 051:329.196 JLINK_EMU_GetList(InterfaceMask = 0x00000001, MaxInfos = 0x00000032) 
T65A8 051:330.083   [0]: USB, S/N: 174403822
T65A8 051:330.094 - 0.900ms returns 1
T65A8 051:330.156 JLINK_EMU_GetList(InterfaceMask = 0x00000002, MaxInfos = 0x00000032) 
T65A8 051:353.670 - 23.521ms returns 0
T65A8 052:564.964 JLINK_EMU_GetList(InterfaceMask = 0x00000001, MaxInfos = 0x00000032) 
T65A8 052:565.858   [0]: USB, S/N: 174403822
T65A8 052:565.869 - 0.908ms returns 1
T65A8 052:565.938 JLINK_EMU_GetList(InterfaceMask = 0x00000002, MaxInfos = 0x00000032) 
T65A8 052:588.947 - 23.016ms returns 0
T65A8 053:800.863 JLINK_EMU_GetList(InterfaceMask = 0x00000001, MaxInfos = 0x00000032) 
T65A8 053:801.753   [0]: USB, S/N: 174403822
T65A8 053:801.765 - 0.904ms returns 1
T65A8 053:801.826 JLINK_EMU_GetList(InterfaceMask = 0x00000002, MaxInfos = 0x00000032) 
T65A8 053:825.226 - 23.408ms returns 0
T65A8 055:033.788 JLINK_EMU_GetList(InterfaceMask = 0x00000001, MaxInfos = 0x00000032) 
T65A8 055:034.673   [0]: USB, S/N: 174403822
T65A8 055:034.684 - 0.898ms returns 1
T65A8 055:034.747 JLINK_EMU_GetList(InterfaceMask = 0x00000002, MaxInfos = 0x00000032) 
T65A8 055:057.504 - 22.763ms returns 0
T65A8 056:265.116 JLINK_EMU_GetList(InterfaceMask = 0x00000001, MaxInfos = 0x00000032) 
T65A8 056:266.013   [0]: USB, S/N: 174403822
T65A8 056:266.024 - 0.911ms returns 1
T65A8 056:266.089 JLINK_EMU_GetList(InterfaceMask = 0x00000002, MaxInfos = 0x00000032) 
T65A8 056:288.814 - 22.734ms returns 0
T65A8 057:497.417 JLINK_EMU_GetList(InterfaceMask = 0x00000001, MaxInfos = 0x00000032) 
T65A8 057:498.334   [0]: USB, S/N: 174403822
T65A8 057:498.345 - 0.931ms returns 1
T65A8 057:498.408 JLINK_EMU_GetList(InterfaceMask = 0x00000002, MaxInfos = 0x00000032) 
T65A8 057:521.112 - 22.762ms returns 0
T5324 057:530.133 JLINK_Close()
T5324 057:533.914 - 3.790ms
T5324 057:533.927   
T5324 057:533.933   Closed
