T5324 020:328.387   SEGGER J-Link V7.50a Log File
T5324 020:328.463   DLL Compiled: Jul  8 2021 18:16:52
T5324 020:328.487   Logging started @ 2021-08-04 22:40
T5324 020:328.510 - 34.164ms
T5324 020:328.534 JLINK_ExecCommand("device = ATSAMD21E18A", ...). 
T5324 020:328.746   Device "ATSAMD21E18" selected.
T5324 020:329.016 - 0.468ms returns 0x00
T5324 020:329.046 JLINK_GetHWStatus(...)
T5324 020:329.184 - 0.158ms returns 0
T5324 020:329.232 JLINK_ClrRESET()
T5324 020:329.451 - 0.257ms
T5324 020:334.250 JLINK_SetRESET()
T5324 020:334.389 - 0.158ms
T5324 020:339.248 JLINK_ClrRESET()
T5324 020:339.511 - 0.278ms
T5324 020:344.246 JLINK_ClrTCK()
T5324 020:344.359 - 0.125ms returns 0
T5324 020:349.249 JLINK_SetRESET()
T5324 020:349.542 - 0.300ms
T5324 020:354.253 JLINK_Clock()
T5324 020:354.390 - 0.142ms returns 0
T5324 020:359.247 JLINK_TIF_Select(JLINKARM_TIF_SWD)
T5324 020:359.661 - 0.419ms returns 0x00
T5324 020:359.682 JLINK_SetSpeed(50)
T5324 020:359.749 - 0.071ms
T5324 020:359.766 JLINK_CORESIGHT_Configure()
T5324 020:368.080 - 8.320ms returns 0
T5324 020:368.125 JLINK_CORESIGHT_WriteAPDPReg(DP reg 0x02, 0x00000000)
T5324 020:369.175 - 1.055ms returns 0
T5324 020:369.192 JLINK_CORESIGHT_WriteAPDPReg(AP reg 0x00, 0x23000040)
T5324 020:370.231 - 1.043ms returns 0
T5324 020:370.252 JLINK_CORESIGHT_WriteAPDPReg(AP reg 0x01, 0x41002101)
T5324 020:371.281 - 1.033ms returns 0
T5324 020:371.299 JLINK_CORESIGHT_ReadAPDPReg(AP reg 0x03)
T5324 020:373.283   Value=0x00120200
T5324 020:373.292 - 1.996ms returns 0
T5324 020:373.306 JLINK_CORESIGHT_WriteAPDPReg(AP reg 0x01, 0x41002100)
T5324 020:374.343 - 1.040ms returns 0
T5324 020:374.358 JLINK_CORESIGHT_WriteAPDPReg(AP reg 0x03, 0x00000010)
T5324 020:375.410 - 1.055ms returns 0
T5324 020:375.428 JLINK_CORESIGHT_WriteAPDPReg(AP reg 0x01, 0x41002101)
T5324 020:376.483 - 1.059ms returns 0
T5324 020:376.501 JLINK_CORESIGHT_ReadAPDPReg(AP reg 0x03)
T5324 020:378.462   Value=0x01120200
T5324 020:378.472 - 1.973ms returns 0
T5324 020:578.314 JLINK_CORESIGHT_ReadAPDPReg(AP reg 0x03)
T5324 020:580.351   Value=0x00120300
T5324 020:580.362 - 2.051ms returns 0
T5324 020:593.805 JLINK_ExecCommand("Device = ATSAMD21E18A", ...). 
T5324 020:594.075   Device "ATSAMD21E18" selected.
T5324 020:594.466 - 0.652ms returns 0x00
T5324 020:594.481 JLINK_TIF_Select(JLINKARM_TIF_SWD)
T5324 020:594.488 - 0.011ms returns 0x00
T5324 020:594.497 JLINK_SetSpeed(4000)
T5324 020:594.672 - 0.183ms
T5324 020:594.711 JLINK_ResetPullsRESET(OFF)
T5324 020:594.719 - 0.010ms
T5324 020:594.726 JLINK_Connect()
T5324 020:594.891   InitTarget() start
T5324 020:594.906    J-Link Script File: Executing InitTarget()
T5324 020:594.928   InitTarget()
T5324 020:597.467   InitTarget() end
T5324 020:597.810   Found SW-DP with ID 0x0BC11477
T5324 020:598.715   DPIDR: 0x0BC11477
T5324 020:598.731   Scanning AP map to find all available APs
T5324 020:599.080   AP[1]: Stopped AP scan as end of AP map has been reached
T5324 020:599.102   AP[0]: AHB-AP (IDR: 0x04770031)
T5324 020:599.119   Iterating through AP map to find AHB-AP to use
T5324 020:599.504   AP[0]: Core found
T5324 020:599.519   AP[0]: AHB-AP ROM base: 0x41003000
T5324 020:599.729   CPUID register: 0x410CC601. Implementer code: 0x41 (ARM)
T5324 020:599.744   Found Cortex-M0 r0p1, Little endian.
T5324 020:700.570   -- Max. mem block: 0x0000C5E0
T5324 020:701.208   CPU_ReadMem(4 bytes @ 0xE000EDF0)
T5324 020:701.407   CPU_ReadMem(4 bytes @ 0xE0002000)
T5324 020:701.642   FPUnit: 4 code (BP) slots and 0 literal slots
T5324 020:701.652   CPU_ReadMem(4 bytes @ 0xE000EDFC)
T5324 020:701.871   CPU_ReadMem(4 bytes @ 0xE0001000)
T5324 020:702.084   CPU_WriteMem(4 bytes @ 0xE0001000)
T5324 020:702.322   CoreSight components:
T5324 020:702.340   ROMTbl[0] @ 41003000
T5324 020:702.350   CPU_ReadMem(64 bytes @ 0x41003000)
T5324 020:702.861   CPU_ReadMem(32 bytes @ 0xE00FFFE0)
T5324 020:703.192   ROMTbl[0][0]: E00FF000, CID: B105100D, PID: 000BB4C0 ROM Table
T5324 020:703.206   ROMTbl[1] @ E00FF000
T5324 020:703.215   CPU_ReadMem(64 bytes @ 0xE00FF000)
T5324 020:703.797   CPU_ReadMem(32 bytes @ 0xE000EFE0)
T5324 020:704.156   ROMTbl[1][0]: E000E000, CID: B105E00D, PID: 000BB008 SCS
T5324 020:704.166   CPU_ReadMem(32 bytes @ 0xE0001FE0)
T5324 020:704.533   ROMTbl[1][1]: E0001000, CID: B105E00D, PID: 000BB00A DWT
T5324 020:704.543   CPU_ReadMem(32 bytes @ 0xE0002FE0)
T5324 020:704.883   ROMTbl[1][2]: E0002000, CID: B105E00D, PID: 000BB00B FPB
T5324 020:704.892   CPU_ReadMem(32 bytes @ 0x41006FE0)
T5324 020:705.259   ROMTbl[0][1]: 41006000, CID: B105900D, PID: 001BB932 MTB-M0+
T5324 020:705.299 - 110.577ms returns 0x00
T5324 020:705.349 JLINK_Halt()
T5324 020:707.603 - 2.260ms returns 0x00
T5324 020:708.678 JLINK_JTAG_GetDeviceID(DeviceIndex = 0)
T5324 020:708.688 - 0.012ms returns 0
T5324 020:708.703 JLINK_ReadMemU32(0x41002018, 0x1 Items)
T5324 020:708.724   CPU_ReadMem(4 bytes @ 0x41002018)
T5324 020:708.962   Data:  0A 03 01 10
T5324 020:708.981 - 0.281ms returns 1 (0x1)
T5F2C 020:718.347 JLINK_IsHalted()
T5F2C 020:718.361 - 0.016ms returns TRUE
T5F2C 020:718.373 JLINK_GetMOEs(...)
T5F2C 020:718.381   CPU_ReadMem(4 bytes @ 0xE000ED30)
T5F2C 020:718.632 - 0.264ms returns 0x01
T5F2C 020:718.661 JLINK_ReadReg(R15 (PC))
T5F2C 020:718.673 - 0.015ms returns 0xFFFFFFFE
T5324 020:725.348 JLINK_BeginDownload(Flags = 0x00000000)
T5324 020:725.366 - 0.020ms
T5324 020:725.381 JLINK_WriteMem(0x00000000, 0x3F84 Bytes, ...)
T5324 020:725.388   Data:  58 25 00 20 45 37 00 00 41 37 00 00 41 37 00 00 ...
T5324 020:725.581   completely In flash
T5324 020:725.614    -- Read from flash cache (16260 bytes @ 0x00000000)
T5324 020:725.625 - 0.246ms returns 0x3F84
T5324 020:725.761 JLINK_WriteMem(0x00003F84, 0xFC Bytes, ...)
T5324 020:725.769   Data:  45 02 00 00 85 02 00 00 91 02 00 00 03 02 00 00 ...
T5324 020:725.782   completely In flash
T5324 020:725.791    -- Read from flash cache (252 bytes @ 0x00003F84)
T5324 020:725.799 - 0.040ms returns 0xFC
T5324 020:732.179 JLINK_EndDownload()
T5324 020:732.444   CPU_ReadMem(4 bytes @ 0x41006004)
T5324 020:732.656   CPU_ReadMem(4 bytes @ 0xE000ED90)
T5324 020:732.897    -- --------------------------------------
T5324 020:732.911   Flash bank @ 0x00000000: Default: L2 verify disabled because algorithm performs L1 verify
T5324 020:732.920    -- Start of determining dirty areas in flash cache
T5324 020:732.980    -- End of determining dirty areas
T5324 020:732.989    -- Start of preparing flash programming
T5324 020:733.000    -- Calculating RAM usage
T5324 020:733.056    -- RAM usage = 3876 Bytes
T5324 020:733.064    -- Preserving CPU registers
T5324 020:733.084    -- Preparing memory
T5324 020:733.093    -- Preparing target
T5324 020:733.101    -- Preserving target RAM temporarily used for programming
T5324 020:751.569    -- Downloading RAMCode
T5324 020:766.291    -- Preparing RAMCode
T5324 020:770.310    -- Checking target RAM
T5324 020:782.661    -- End of preparing flash programming
T5324 020:782.898   Looking for J-Link GUI Server exe at: C:\Program Files (x86)\Atmel\Studio\7.0\atbackend\JLinkGUIServer.exe
T5324 020:783.041   Looking for J-Link GUI Server exe at: C:\Program Files\SEGGER\JLink\JLinkGUIServer.exe
T5324 020:783.089   Forking J-Link GUI Server: C:\Program Files\SEGGER\JLink\JLinkGUIServer.exe
T5324 020:805.067   J-Link GUI Server info: "J-Link GUI server V7.50a "
T5324 020:815.868    -- CPU speed could not be measured.
T5324 020:815.884    -- Start of comparing flash
T5324 020:815.893    -- CRC check was estimated as fastest method
T5324 020:849.481    -- Comparing range 0x0000 - 0x40FF (65 Sectors, 16 KiB), using multi-block CRC calculation
T5324 020:889.992    -- CRC does not match for sectors 0-64
T5324 020:890.021    -- End of comparing flash
T5324 020:890.031    -- Start of erasing sectors
T5324 020:890.039    -- End of erasing sectors
T5324 020:890.048    -- Start of flash programming
T5324 020:890.058    -- Programming range 0x00000000 - 0x000040FF ( 65 Sectors, 16 KB)
T5324 021:099.910    -- End of flash programming
T5324 021:099.992    -- 0x0000 - 0x40FF ( 65 Sectors, 16 KoB)
T5324 021:100.001    -- Start of restoring
T5324 021:100.010    -- Restoring RAMCode
T5324 021:118.918    -- Restoring target memory
T5324 021:138.822    -- Restore target
T5324 021:138.851    -- Restore memory
T5324 021:138.859    -- Restoring CPU registers
T5324 021:138.880    -- End of restoring
T5324 021:138.934    -- Bank 0 @ 0x00000000: 1 range affected (16640 bytes)
T5324 021:138.953    -- Total: 0.405s (Prepare: 0.082s, Compare: 0.074s, Erase: 0.000s, Program & Verify: 0.225s, Restore: 0.023s)
T5324 021:138.968    -- Program & Verify speed: 71 KiB/s
T5324 021:142.628 - 410.458ms returns 16640 (0x4100)
T5324 021:142.692 JLINK_SetResetType(JLINKARM_CM3_RESET_TYPE_NORMAL)
T5324 021:142.700 - 0.011ms returns JLINKARM_CM3_RESET_TYPE_NORMAL
T5324 021:142.709 JLINK_Reset()
T5324 021:142.769   CPU_ReadMem(4 bytes @ 0x20000000)
T5324 021:143.010   CPU_WriteMem(4 bytes @ 0x20000000)
T5324 021:143.262   ResetTarget() start
T5324 021:143.271    J-Link Script File: Executing ResetTarget()
T5324 021:143.484   CPU_ReadMem(4 bytes @ 0xE000EDFC)
T5324 021:143.709   CPU_WriteMem(4 bytes @ 0xE000EDFC)
T5324 021:143.941   CPU_WriteMem(4 bytes @ 0xE000ED0C)
T5324 021:146.029   CPU_ReadMem(4 bytes @ 0xE000EDF0)
T5324 021:146.291   CPU_ReadMem(4 bytes @ 0x41002100)
T5324 021:146.534   CPU_WriteMem(4 bytes @ 0x41002100)
T5324 021:146.794   CPU_ReadMem(4 bytes @ 0x41002100)
T5324 021:147.015   CPU_WriteMem(4 bytes @ 0xE000EDFC)
T5324 021:147.265   ResetTarget() end
T5324 021:149.537   CPU_WriteMem(4 bytes @ 0xE0002000)
T5324 021:149.778   CPU_ReadMem(4 bytes @ 0xE000EDFC)
T5324 021:150.004   CPU_ReadMem(4 bytes @ 0xE0001000)
T5324 021:150.205   CPU_WriteMem(4 bytes @ 0xE0001000)
T5324 021:150.424 - 7.719ms
T61E4 021:304.119 JLINK_Halt()
T61E4 021:304.137 - 0.026ms returns 0x00
T61E4 021:304.159 JLINK_ReadReg(R15 (PC))
T61E4 021:304.169 - 0.013ms returns 0x00003744
T61E4 021:304.179 JLINK_ReadReg(R13 (SP))
T61E4 021:304.186 - 0.009ms returns 0x20002558
T61E4 021:307.177 JLINK_ReadMemHW(0x00003744, 0x0004 Bytes, ...)
T61E4 021:307.201   CPU_ReadMem(4 bytes @ 0x00003744)
T61E4 021:307.462   Data:  F8 B5 2A 4A
T61E4 021:307.476 - 0.302ms returns 0
T61E4 021:307.620 JLINK_ReadReg(R0)
T61E4 021:307.631 - 0.014ms returns 0x40001000
T61E4 021:307.640 JLINK_ReadReg(R1)
T61E4 021:307.646 - 0.008ms returns 0x00000000
T61E4 021:307.655 JLINK_ReadReg(R2)
T61E4 021:307.661 - 0.009ms returns 0x00000000
T61E4 021:307.669 JLINK_ReadReg(R3)
T61E4 021:307.675 - 0.008ms returns 0x00004000
T61E4 021:307.683 JLINK_ReadReg(R4)
T61E4 021:307.689 - 0.009ms returns 0x20000694
T61E4 021:307.697 JLINK_ReadReg(R5)
T61E4 021:307.702 - 0.008ms returns 0x200006EC
T61E4 021:307.710 JLINK_ReadReg(R6)
T61E4 021:307.716 - 0.008ms returns 0x200006EC
T61E4 021:307.723 JLINK_ReadReg(R7)
T61E4 021:307.729 - 0.008ms returns 0xB7BDFFFF
T61E4 021:307.736 JLINK_ReadReg(R8)
T61E4 021:307.742 - 0.008ms returns 0x6DD7FFDF
T61E4 021:307.750 JLINK_ReadReg(R9)
T61E4 021:307.755 - 0.008ms returns 0xBED75FB7
T61E4 021:307.763 JLINK_ReadReg(R10)
T61E4 021:307.768 - 0.008ms returns 0xE775EFFF
T61E4 021:307.776 JLINK_ReadReg(R11)
T61E4 021:307.781 - 0.008ms returns 0xFFFFDBEB
T61E4 021:307.789 JLINK_ReadReg(R12)
T61E4 021:307.795 - 0.008ms returns 0x20000618
T61E4 021:307.802 JLINK_ReadReg(R13 (SP))
T61E4 021:307.808 - 0.008ms returns 0x20002558
T61E4 021:307.815 JLINK_ReadReg(R14)
T61E4 021:307.821 - 0.008ms returns 0x20000341
T61E4 021:307.829 JLINK_ReadReg(R15 (PC))
T61E4 021:307.834 - 0.008ms returns 0x00003744
T61E4 021:307.848 JLINK_ReadReg(XPSR)
T61E4 021:307.853 - 0.008ms returns 0x21000000
T61E4 021:307.861 JLINK_ReadReg(MSP)
T61E4 021:307.867 - 0.008ms returns 0x20002558
T61E4 021:307.874 JLINK_ReadReg(PSP)
T61E4 021:307.880 - 0.008ms returns 0xFF7BFBFC
T61E4 021:307.887 JLINK_ReadReg(PRIMASK)
T61E4 021:307.893 - 0.008ms returns 0x00000000
T61E4 021:307.901 JLINK_ReadReg(BASEPRI)
T61E4 021:307.907 - 0.008ms returns 0x00000000
T61E4 021:307.914 JLINK_ReadReg(FAULTMASK)
T61E4 021:307.926 - 0.014ms returns 0x00000000
T61E4 021:307.934 JLINK_ReadReg(CONTROL)
T61E4 021:307.940 - 0.008ms returns 0x00000000
T61E4 021:308.134 JLINK_ReadMemHW(0x00003744, 0x0002 Bytes, ...)
T61E4 021:308.158   CPU_ReadMem(2 bytes @ 0x00003744)
T61E4 021:308.395   Data:  F8 B5
T61E4 021:308.408 - 0.277ms returns 0
T5F2C 021:318.470 JLINK_IsHalted()
T5F2C 021:318.483 - 0.016ms returns TRUE
T61E4 021:339.796 JLINK_ReadReg(R0)
T61E4 021:339.815 - 0.023ms returns 0x40001000
T61E4 021:339.826 JLINK_ReadReg(R1)
T61E4 021:339.832 - 0.008ms returns 0x00000000
T61E4 021:339.839 JLINK_ReadReg(R2)
T61E4 021:339.845 - 0.008ms returns 0x00000000
T61E4 021:339.853 JLINK_ReadReg(R3)
T61E4 021:339.858 - 0.008ms returns 0x00004000
T61E4 021:339.866 JLINK_ReadReg(R4)
T61E4 021:339.871 - 0.008ms returns 0x20000694
T61E4 021:339.879 JLINK_ReadReg(R5)
T61E4 021:339.885 - 0.009ms returns 0x200006EC
T61E4 021:339.892 JLINK_ReadReg(R6)
T61E4 021:339.898 - 0.008ms returns 0x200006EC
T61E4 021:339.906 JLINK_ReadReg(R7)
T61E4 021:339.911 - 0.008ms returns 0xB7BDFFFF
T61E4 021:339.918 JLINK_ReadReg(R8)
T61E4 021:339.924 - 0.008ms returns 0x6DD7FFDF
T61E4 021:339.932 JLINK_ReadReg(R9)
T61E4 021:339.938 - 0.008ms returns 0xBED75FB7
T61E4 021:339.945 JLINK_ReadReg(R10)
T61E4 021:339.951 - 0.008ms returns 0xE775EFFF
T61E4 021:339.958 JLINK_ReadReg(R11)
T61E4 021:339.964 - 0.008ms returns 0xFFFFDBEB
T61E4 021:339.972 JLINK_ReadReg(R12)
T61E4 021:339.978 - 0.008ms returns 0x20000618
T61E4 021:339.986 JLINK_ReadReg(R13 (SP))
T61E4 021:339.992 - 0.009ms returns 0x20002558
T61E4 021:339.999 JLINK_ReadReg(R14)
T61E4 021:340.005 - 0.008ms returns 0x20000341
T61E4 021:340.012 JLINK_ReadReg(R15 (PC))
T61E4 021:340.018 - 0.008ms returns 0x00003744
T61E4 021:340.031 JLINK_ReadReg(XPSR)
T61E4 021:340.037 - 0.008ms returns 0x21000000
T61E4 021:340.044 JLINK_ReadReg(MSP)
T61E4 021:340.051 - 0.009ms returns 0x20002558
T61E4 021:340.059 JLINK_ReadReg(PSP)
T61E4 021:340.064 - 0.008ms returns 0xFF7BFBFC
T61E4 021:340.072 JLINK_ReadReg(PRIMASK)
T61E4 021:340.077 - 0.008ms returns 0x00000000
T61E4 021:340.085 JLINK_ReadReg(BASEPRI)
T61E4 021:340.090 - 0.008ms returns 0x00000000
T61E4 021:340.098 JLINK_ReadReg(FAULTMASK)
T61E4 021:340.103 - 0.008ms returns 0x00000000
T61E4 021:340.111 JLINK_ReadReg(CONTROL)
T61E4 021:340.116 - 0.008ms returns 0x00000000
T61E4 021:348.052 JLINK_ReadMemHW(0x00003744, 0x0004 Bytes, ...)
T61E4 021:348.069   CPU_ReadMem(4 bytes @ 0x00003744)
T61E4 021:348.298   Data:  F8 B5 2A 4A
T61E4 021:348.312 - 0.263ms returns 0
T61E4 021:370.994 JLINK_SetResetType(JLINKARM_CM3_RESET_TYPE_NORMAL)
T61E4 021:371.012 - 0.020ms returns JLINKARM_CM3_RESET_TYPE_NORMAL
T61E4 021:371.019 JLINK_Reset()
T61E4 021:371.114   ResetTarget() start
T61E4 021:371.131    J-Link Script File: Executing ResetTarget()
T61E4 021:371.145   CPU_ReadMem(4 bytes @ 0xE000EDFC)
T61E4 021:371.402   CPU_WriteMem(4 bytes @ 0xE000EDFC)
T61E4 021:371.632   CPU_WriteMem(4 bytes @ 0xE000ED0C)
T61E4 021:372.999   CPU_ReadMem(4 bytes @ 0xE000EDF0)
T61E4 021:373.194   CPU_ReadMem(4 bytes @ 0x41002100)
T61E4 021:373.393   CPU_WriteMem(4 bytes @ 0x41002100)
T61E4 021:373.600   CPU_ReadMem(4 bytes @ 0x41002100)
T61E4 021:373.800   CPU_WriteMem(4 bytes @ 0xE000EDFC)
T61E4 021:374.027   ResetTarget() end
T61E4 021:376.244   CPU_WriteMem(4 bytes @ 0xE0002000)
T61E4 021:376.453   CPU_ReadMem(4 bytes @ 0xE000EDFC)
T61E4 021:376.648   CPU_ReadMem(4 bytes @ 0xE0001000)
T61E4 021:376.847   CPU_WriteMem(4 bytes @ 0xE0001000)
T61E4 021:377.073 - 6.058ms
T5F2C 021:377.097 JLINK_IsHalted()
T5F2C 021:377.108 - 0.014ms returns TRUE
T5F2C 021:377.116 JLINK_GetMOEs(...)
T5F2C 021:377.124   CPU_ReadMem(4 bytes @ 0xE000ED30)
T5F2C 021:377.331 - 0.220ms returns 0x01
T5F2C 021:377.352 JLINK_ReadReg(R15 (PC))
T5F2C 021:377.359 - 0.010ms returns 0x00003744
T61E4 021:386.508 JLINK_ReadReg(R15 (PC))
T61E4 021:386.522 - 0.017ms returns 0x00003744
T61E4 021:386.534 JLINK_ReadReg(R13 (SP))
T61E4 021:386.541 - 0.081ms returns 0x20002558
T61E4 021:386.806 JLINK_ReadMemHW(0x00003744, 0x0004 Bytes, ...)
T61E4 021:386.827   CPU_ReadMem(4 bytes @ 0x00003744)
T61E4 021:387.083   Data:  F8 B5 2A 4A
T61E4 021:387.094 - 0.291ms returns 0
T61E4 021:434.821 JLINK_ReadMemHW(0x000039C4, 0x0001 Bytes, ...)
T61E4 021:434.847   CPU_ReadMem(1 bytes @ 0x000039C4)
T61E4 021:435.099   Data:  F8
T61E4 021:435.114 - 0.295ms returns 0
T61E4 021:498.777 JLINK_ReadReg(R15 (PC))
T61E4 021:498.800 - 0.027ms returns 0x00003744
T61E4 021:498.928 JLINK_GetNumBPUnits(Type = 0xFFFFFF02)
T61E4 021:498.937 - 0.013ms returns 0x04
T61E4 021:498.945 JLINK_SetBPEx(Addr = 0x000039C4, Type = 0xFFFFFFF2)
T61E4 021:498.955 - 0.013ms returns 0x00000001
T61E4 021:498.963 JLINK_GetBPInfo(BPHandle = 1)
T61E4 021:498.969 - 0.009ms returns 0x0
T61E4 021:499.086 JLINK_Go()
T61E4 021:499.106   CPU_WriteMem(4 bytes @ 0xE0002000)
T61E4 021:499.375   CPU_ReadMem(4 bytes @ 0xE0001000)
T61E4 021:499.611   CPU_WriteMem(4 bytes @ 0xE000ED30)
T61E4 021:499.852   CPU_WriteMem(4 bytes @ 0xE0001000)
T61E4 021:499.868   CPU_WriteMem(4 bytes @ 0xE0002008)
T61E4 021:499.876   CPU_WriteMem(4 bytes @ 0xE000200C)
T61E4 021:499.885   CPU_WriteMem(4 bytes @ 0xE0002010)
T61E4 021:499.893   CPU_WriteMem(4 bytes @ 0xE0002014)
T61E4 021:500.648   CPU_WriteMem(4 bytes @ 0xE0001004)
T61E4 021:501.143 - 2.061ms
T5F2C 021:501.173 JLINK_IsHalted()
T5F2C 021:501.404   CPU_ReadMem(4 bytes @ 0x41002100)
T5F2C 021:501.595 - 0.425ms returns FALSE
T5F2C 021:521.512 JLINK_IsHalted()
T5F2C 021:523.786 - 2.278ms returns TRUE
T5F2C 021:523.805 JLINK_GetMOEs(...)
T5F2C 021:523.812   CPU_ReadMem(4 bytes @ 0xE000ED30)
T5F2C 021:524.013 - 0.212ms returns 0x01
T5F2C 021:524.031 JLINK_ReadReg(R15 (PC))
T5F2C 021:524.039 - 0.011ms returns 0x000039C4
T61E4 021:530.541 JLINK_ReadReg(R15 (PC))
T61E4 021:530.552 - 0.014ms returns 0x000039C4
T61E4 021:530.562 JLINK_ReadReg(R13 (SP))
T61E4 021:530.568 - 0.009ms returns 0x20002540
T61E4 021:530.790 JLINK_ReadMemHW(0x000039C4, 0x0004 Bytes, ...)
T61E4 021:530.813   CPU_ReadMem(4 bytes @ 0x000039C4)
T61E4 021:531.051   Data:  F8 B5 DE 46
T61E4 021:531.063 - 0.275ms returns 0
T5F2C 021:723.574 JLINK_IsHalted()
T5F2C 021:723.603 - 0.032ms returns TRUE
T5F2C 021:923.622 JLINK_IsHalted()
T5F2C 021:923.648 - 0.029ms returns TRUE
T5F2C 022:123.659 JLINK_IsHalted()
T5F2C 022:123.963 - 0.325ms returns TRUE
T5F2C 022:323.719 JLINK_IsHalted()
T5F2C 022:323.747 - 0.032ms returns TRUE
T5F2C 022:523.761 JLINK_IsHalted()
T5F2C 022:523.783 - 0.025ms returns TRUE
T5324 022:564.703 JLINK_ReadMemHW(0x00000000, 0x0D40 Bytes, ...)
T5324 022:564.729   CPU_ReadMem(3392 bytes @ 0x00000000)
T5324 022:580.999   Data:  58 25 00 20 45 37 00 00 41 37 00 00 41 37 00 00 ...
T5324 022:581.012 - 16.312ms returns 0
T5324 022:718.237 JLINK_ReadReg(R0)
T5324 022:718.552 - 0.320ms returns 0x00003F84
T5324 022:718.575 JLINK_ReadReg(R1)
T5324 022:718.581 - 0.009ms returns 0x00000080
T5324 022:718.588 JLINK_ReadReg(R2)
T5324 022:718.594 - 0.008ms returns 0x41004000
T5324 022:718.601 JLINK_ReadReg(R3)
T5324 022:718.606 - 0.008ms returns 0x000039C5
T5324 022:718.613 JLINK_ReadReg(R4)
T5324 022:718.618 - 0.008ms returns 0x00000002
T5324 022:718.625 JLINK_ReadReg(R5)
T5324 022:718.630 - 0.008ms returns 0x00000003
T5324 022:718.637 JLINK_ReadReg(R6)
T5324 022:718.643 - 0.008ms returns 0x00000008
T5324 022:718.649 JLINK_ReadReg(R7)
T5324 022:718.655 - 0.008ms returns 0x0000000C
T5324 022:718.661 JLINK_ReadReg(R8)
T5324 022:718.667 - 0.008ms returns 0x6DD7FFDF
T5324 022:718.673 JLINK_ReadReg(R9)
T5324 022:718.678 - 0.008ms returns 0xBED75FB7
T5324 022:718.685 JLINK_ReadReg(R10)
T5324 022:718.690 - 0.008ms returns 0xE775EFFF
T5324 022:718.697 JLINK_ReadReg(R11)
T5324 022:718.702 - 0.008ms returns 0xFFFFDBEB
T5324 022:718.708 JLINK_ReadReg(R12)
T5324 022:718.714 - 0.008ms returns 0x20000618
T5324 022:718.720 JLINK_ReadReg(R13 (SP))
T5324 022:718.726 - 0.008ms returns 0x20002540
T5324 022:718.732 JLINK_ReadReg(R14)
T5324 022:718.738 - 0.011ms returns 0x000037EF
T5324 022:718.750 JLINK_ReadReg(R15 (PC))
T5324 022:718.755 - 0.008ms returns 0x000039C4
T5324 022:718.762 JLINK_ReadReg(APSR)
T5324 022:718.768 - 0.022ms returns 0x60000000
T5324 022:718.812 JLINK_ReadReg(MSP)
T5324 022:718.827 - 0.019ms returns 0x20002540
T5324 022:718.836 JLINK_ReadReg(PSP)
T5324 022:718.843 - 0.010ms returns 0xFF7BFBFC
T5324 022:718.851 JLINK_ReadReg(XPSR)
T5324 022:718.858 - 0.010ms returns 0x61000000
T5324 022:718.866 JLINK_ReadReg(IPSR)
T5324 022:718.873 - 0.009ms returns 0x00000000
T5324 022:718.880 JLINK_ReadReg(EPSR)
T5324 022:718.887 - 0.009ms returns 0x01000000
T5324 022:718.895 JLINK_ReadReg(PRIMASK)
T5324 022:718.901 - 0.010ms returns 0x00000000
T5324 022:718.909 JLINK_ReadReg(FAULTMASK)
T5324 022:718.916 - 0.010ms returns 0x00000000
T5324 022:718.924 JLINK_ReadReg(BASEPRI)
T5324 022:718.931 - 0.010ms returns 0x00000000
T5324 022:718.943 JLINK_ReadReg(CONTROL)
T5324 022:718.951 - 0.010ms returns 0x00000000
T5F2C 022:723.800 JLINK_IsHalted()
T5F2C 022:723.820 - 0.023ms returns TRUE
T5324 022:736.257 JLINK_ReadMemHW(0x00000D40, 0x006A Bytes, ...)
T5324 022:736.276   CPU_ReadMem(106 bytes @ 0x00000D40)
T5324 022:737.064   Data:  0A 61 9B 00 9B 59 00 2B EA D0 98 47 E8 E7 70 BD ...
T5324 022:737.076 - 0.822ms returns 0
T5324 022:805.939 JLINK_ReadMemHW(0x00000000, 0x0DAA Bytes, ...)
T5324 022:805.963   CPU_ReadMem(3498 bytes @ 0x00000000)
T5324 022:822.774   Data:  58 25 00 20 45 37 00 00 41 37 00 00 41 37 00 00 ...
T5324 022:822.786 - 16.849ms returns 0
T5F2C 022:923.844 JLINK_IsHalted()
T5F2C 022:923.873 - 0.031ms returns TRUE
T61E4 022:961.082 JLINK_ReadMemHW(0x000039C4, 0x0001 Bytes, ...)
T61E4 022:961.107   CPU_ReadMem(1 bytes @ 0x000039C4)
T61E4 022:961.345   Data:  F8
T61E4 022:961.355 - 0.275ms returns 0
T5F2C 023:123.890 JLINK_IsHalted()
T5F2C 023:123.925 - 0.038ms returns TRUE
T5F2C 023:323.935 JLINK_IsHalted()
T5F2C 023:324.231 - 0.314ms returns TRUE
T5F2C 023:523.978 JLINK_IsHalted()
T5F2C 023:523.998 - 0.023ms returns TRUE
T5F2C 023:724.026 JLINK_IsHalted()
T5F2C 023:724.050 - 0.027ms returns TRUE
T5F2C 023:924.066 JLINK_IsHalted()
T5F2C 023:924.369 - 0.320ms returns TRUE
T5F2C 024:124.112 JLINK_IsHalted()
T5F2C 024:124.140 - 0.031ms returns TRUE
T5F2C 024:324.157 JLINK_IsHalted()
T5F2C 024:324.176 - 0.021ms returns TRUE
T5F2C 024:524.194 JLINK_IsHalted()
T5F2C 024:524.457 - 0.272ms returns TRUE
T5F2C 024:724.248 JLINK_IsHalted()
T5F2C 024:724.276 - 0.031ms returns TRUE
T5F2C 024:924.294 JLINK_IsHalted()
T5F2C 024:924.325 - 0.033ms returns TRUE
T5F2C 025:124.338 JLINK_IsHalted()
T5F2C 025:124.635 - 0.310ms returns TRUE
T5F2C 025:324.383 JLINK_IsHalted()
T5F2C 025:324.412 - 0.032ms returns TRUE
T5F2C 025:524.433 JLINK_IsHalted()
T5F2C 025:524.453 - 0.023ms returns TRUE
T5F2C 025:724.472 JLINK_IsHalted()
T5F2C 025:724.778 - 0.324ms returns TRUE
T5F2C 025:924.529 JLINK_IsHalted()
T5F2C 025:924.560 - 0.035ms returns TRUE
T5F2C 026:124.566 JLINK_IsHalted()
T5F2C 026:124.590 - 0.027ms returns TRUE
T5F2C 026:324.606 JLINK_IsHalted()
T5F2C 026:324.870 - 0.271ms returns TRUE
T5F2C 026:524.654 JLINK_IsHalted()
T5F2C 026:524.680 - 0.029ms returns TRUE
T61E4 026:608.913 JLINK_WriteU32_64(0xE000EDFC, 0x01000000)
T61E4 026:608.932   Debug reg: DEMCR
T61E4 026:609.152   CPU_WriteMem(4 bytes @ 0xE000EDFC)
T61E4 026:609.433 - 0.530ms returns 0 (0x00000000)
T61E4 026:609.471 JLINK_ReadMem(0xE0001000, 0x4 Bytes, ...)
T61E4 026:609.487   CPU_ReadMem(4 bytes @ 0xE0001000)
T61E4 026:609.711   Data:  00 00 00 20
T61E4 026:609.720   Debug reg: DWT_CTRL
T61E4 026:609.727 - 0.259ms returns 0
T61E4 026:609.764 JLINK_WriteU32_64(0xE0001000, 0x20000001)
T61E4 026:609.771   Debug reg: DWT_CTRL
T61E4 026:609.785 - 0.023ms returns 0 (0x00000000)
T61E4 026:609.818 JLINK_WriteU32_64(0xE0001028, 0x00000100)
T61E4 026:609.825   Debug reg: DWT_FUNC[0]
T61E4 026:609.836 - 0.020ms returns 0 (0x00000000)
T61E4 026:609.843 JLINK_ReadMem(0xE0001028, 0x4 Bytes, ...)
T61E4 026:609.850   CPU_WriteMem(4 bytes @ 0xE0001028)
T61E4 026:610.069   CPU_ReadMem(4 bytes @ 0xE0001028)
T61E4 026:610.264   Data:  00 00 00 00
T61E4 026:610.273   Debug reg: DWT_FUNC[0]
T61E4 026:610.280 - 0.440ms returns 0
T61E4 026:610.308 JLINK_WriteU32_64(0xE0001024, 0x0000001F)
T61E4 026:610.315   Debug reg: DWT_MASK[0]
T61E4 026:610.326 - 0.021ms returns 0 (0x00000000)
T61E4 026:610.333 JLINK_ReadMem(0xE0001024, 0x4 Bytes, ...)
T61E4 026:610.340   CPU_WriteMem(4 bytes @ 0xE0001024)
T61E4 026:610.552   CPU_ReadMem(4 bytes @ 0xE0001024)
T61E4 026:610.746   Data:  1F 00 00 00
T61E4 026:610.755   Debug reg: DWT_MASK[0]
T61E4 026:610.762 - 0.431ms returns 0
T61E4 026:610.817 JLINK_WriteU32_64(0xE0001038, 0x00000100)
T61E4 026:610.824   Debug reg: DWT_FUNC[1]
T61E4 026:610.836 - 0.021ms returns 0 (0x00000000)
T61E4 026:610.843 JLINK_ReadMem(0xE0001038, 0x4 Bytes, ...)
T61E4 026:610.850   CPU_WriteMem(4 bytes @ 0xE0001038)
T61E4 026:611.058   CPU_ReadMem(4 bytes @ 0xE0001038)
T61E4 026:611.242   Data:  00 00 00 00
T61E4 026:611.250   Debug reg: DWT_FUNC[1]
T61E4 026:611.258 - 0.417ms returns 0
T61E4 026:611.284 JLINK_WriteU32_64(0xE0001034, 0x0000001F)
T61E4 026:611.290   Debug reg: DWT_MASK[1]
T61E4 026:611.301 - 0.020ms returns 0 (0x00000000)
T61E4 026:611.307 JLINK_ReadMem(0xE0001034, 0x4 Bytes, ...)
T61E4 026:611.314   CPU_WriteMem(4 bytes @ 0xE0001034)
T61E4 026:611.518   CPU_ReadMem(4 bytes @ 0xE0001034)
T61E4 026:611.717   Data:  1F 00 00 00
T61E4 026:611.726   Debug reg: DWT_MASK[1]
T61E4 026:611.733 - 0.429ms returns 0
T61E4 026:611.783 JLINK_WriteU32_64(0xE0001020, 0x00000000)
T61E4 026:611.790   Debug reg: DWT_COMP[0]
T61E4 026:611.801 - 0.020ms returns 0 (0x00000000)
T61E4 026:611.813 JLINK_WriteU32_64(0xE0001024, 0x00000000)
T61E4 026:611.819   Debug reg: DWT_MASK[0]
T61E4 026:611.828 - 0.017ms returns 0 (0x00000000)
T61E4 026:611.839 JLINK_WriteU32_64(0xE0001028, 0x00000000)
T61E4 026:611.845   Debug reg: DWT_FUNC[0]
T61E4 026:611.854 - 0.018ms returns 0 (0x00000000)
T61E4 026:611.868 JLINK_WriteU32_64(0xE0001030, 0x00000000)
T61E4 026:611.874   Debug reg: DWT_COMP[1]
T61E4 026:611.883 - 0.017ms returns 0 (0x00000000)
T61E4 026:611.895 JLINK_WriteU32_64(0xE0001034, 0x00000000)
T61E4 026:611.901   Debug reg: DWT_MASK[1]
T61E4 026:611.910 - 0.017ms returns 0 (0x00000000)
T61E4 026:611.923 JLINK_WriteU32_64(0xE0001038, 0x00000000)
T61E4 026:611.929   Debug reg: DWT_FUNC[1]
T61E4 026:611.938 - 0.017ms returns 0 (0x00000000)
T61E4 026:611.946 JLINK_GetBPInfo(BPHandle = 1)
T61E4 026:611.952 - 0.007ms returns 0x0
T61E4 026:611.958 JLINK_ClrBPEx(BPHandle = 0x00000001)
T61E4 026:611.964 - 0.009ms returns 0x00
T61E4 026:611.987 JLINK_ReadReg(R15 (PC))
T61E4 026:611.994 - 0.009ms returns 0x000039C4
T61E4 026:612.060 JLINK_Go()
T61E4 026:612.074   CPU_WriteMem(4 bytes @ 0xE0001000)
T61E4 026:612.305   CPU_ReadMem(4 bytes @ 0xE0001000)
T61E4 026:612.538   CPU_WriteMem(4 bytes @ 0xE000ED30)
T61E4 026:612.754   CPU_WriteMem(4 bytes @ 0xE0001000)
T61E4 026:612.763   CPU_WriteMem(4 bytes @ 0xE0001020)
T61E4 026:612.771   CPU_WriteMem(4 bytes @ 0xE0001030)
T61E4 026:612.779   CPU_WriteMem(4 bytes @ 0xE0001024)
T61E4 026:612.787   CPU_WriteMem(4 bytes @ 0xE0001034)
T61E4 026:612.796   CPU_WriteMem(4 bytes @ 0xE0001028)
T61E4 026:612.803   CPU_WriteMem(4 bytes @ 0xE0001038)
T61E4 026:612.811   CPU_WriteMem(4 bytes @ 0xE0002008)
T61E4 026:614.202 - 2.147ms
T5F2C 026:614.229 JLINK_IsHalted()
T5F2C 026:614.445   CPU_ReadMem(4 bytes @ 0x41002100)
T5F2C 026:614.644 - 0.429ms returns FALSE
T5F2C 026:654.683 JLINK_IsHalted()
T5F2C 026:654.972   CPU_ReadMem(4 bytes @ 0x41002100)
T5F2C 026:655.174 - 0.496ms returns FALSE
T5F2C 026:814.732 JLINK_IsHalted()
T5F2C 026:815.035   CPU_ReadMem(4 bytes @ 0x41002100)
T5F2C 026:815.268 - 0.547ms returns FALSE
T5F2C 027:014.765 JLINK_IsHalted()
T5F2C 027:015.080   CPU_ReadMem(4 bytes @ 0x41002100)
T5F2C 027:015.319 - 0.571ms returns FALSE
T5F2C 027:214.805 JLINK_IsHalted()
T5F2C 027:215.100   CPU_ReadMem(4 bytes @ 0x41002100)
T5F2C 027:215.313 - 0.517ms returns FALSE
T5F2C 027:414.856 JLINK_IsHalted()
T5F2C 027:415.164   CPU_ReadMem(4 bytes @ 0x41002100)
T5F2C 027:415.395 - 0.543ms returns FALSE
T5F2C 027:614.900 JLINK_IsHalted()
T5F2C 027:615.264   CPU_ReadMem(4 bytes @ 0x41002100)
T5F2C 027:615.520 - 0.628ms returns FALSE
T5F2C 027:814.949 JLINK_IsHalted()
T5F2C 027:815.286   CPU_ReadMem(4 bytes @ 0x41002100)
T5F2C 027:815.529 - 0.587ms returns FALSE
T5F2C 028:014.989 JLINK_IsHalted()
T5F2C 028:015.268   CPU_ReadMem(4 bytes @ 0x41002100)
T5F2C 028:015.494 - 0.510ms returns FALSE
T5F2C 028:215.033 JLINK_IsHalted()
T5F2C 028:215.346   CPU_ReadMem(4 bytes @ 0x41002100)
T5F2C 028:215.565 - 0.536ms returns FALSE
T5F2C 028:415.080 JLINK_IsHalted()
T5F2C 028:415.362   CPU_ReadMem(4 bytes @ 0x41002100)
T5F2C 028:415.584 - 0.508ms returns FALSE
T5F2C 028:615.116 JLINK_IsHalted()
T5F2C 028:615.375   CPU_ReadMem(4 bytes @ 0x41002100)
T5F2C 028:615.580 - 0.468ms returns FALSE
T5F2C 028:815.169 JLINK_IsHalted()
T5F2C 028:815.453   CPU_ReadMem(4 bytes @ 0x41002100)
T5F2C 028:815.672 - 0.508ms returns FALSE
T5F2C 029:015.210 JLINK_IsHalted()
T5F2C 029:015.487   CPU_ReadMem(4 bytes @ 0x41002100)
T5F2C 029:015.674 - 0.468ms returns FALSE
T5F2C 029:215.261 JLINK_IsHalted()
T5F2C 029:215.573   CPU_ReadMem(4 bytes @ 0x41002100)
T5F2C 029:215.792 - 0.535ms returns FALSE
T5F2C 029:415.301 JLINK_IsHalted()
T5F2C 029:415.579   CPU_ReadMem(4 bytes @ 0x41002100)
T5F2C 029:415.792 - 0.496ms returns FALSE
T5F2C 029:615.348 JLINK_IsHalted()
T5F2C 029:615.646   CPU_ReadMem(4 bytes @ 0x41002100)
T5F2C 029:615.869 - 0.526ms returns FALSE
T5F2C 029:815.396 JLINK_IsHalted()
T5F2C 029:815.693   CPU_ReadMem(4 bytes @ 0x41002100)
T5F2C 029:815.898 - 0.506ms returns FALSE
T5F2C 030:015.440 JLINK_IsHalted()
T5F2C 030:015.732   CPU_ReadMem(4 bytes @ 0x41002100)
T5F2C 030:015.949 - 0.513ms returns FALSE
T5F2C 030:215.480 JLINK_IsHalted()
T5F2C 030:215.775   CPU_ReadMem(4 bytes @ 0x41002100)
T5F2C 030:215.986 - 0.510ms returns FALSE
T5F2C 030:415.521 JLINK_IsHalted()
T5F2C 030:415.850   CPU_ReadMem(4 bytes @ 0x41002100)
T5F2C 030:416.078 - 0.561ms returns FALSE
T5F2C 030:615.578 JLINK_IsHalted()
T5F2C 030:615.869   CPU_ReadMem(4 bytes @ 0x41002100)
T5F2C 030:616.076 - 0.501ms returns FALSE
T5F2C 030:815.626 JLINK_IsHalted()
T5F2C 030:815.973   CPU_ReadMem(4 bytes @ 0x41002100)
T5F2C 030:816.196 - 0.574ms returns FALSE
T5F2C 031:015.668 JLINK_IsHalted()
T5F2C 031:015.999   CPU_ReadMem(4 bytes @ 0x41002100)
T5F2C 031:016.241 - 0.578ms returns FALSE
T5F2C 031:215.710 JLINK_IsHalted()
T5F2C 031:216.001   CPU_ReadMem(4 bytes @ 0x41002100)
T5F2C 031:216.213 - 0.508ms returns FALSE
T5F2C 031:415.760 JLINK_IsHalted()
T5F2C 031:416.022   CPU_ReadMem(4 bytes @ 0x41002100)
T5F2C 031:416.218 - 0.462ms returns FALSE
T5F2C 031:615.787 JLINK_IsHalted()
T5F2C 031:616.033   CPU_ReadMem(4 bytes @ 0x41002100)
T5F2C 031:616.231 - 0.448ms returns FALSE
T5F2C 031:815.833 JLINK_IsHalted()
T5F2C 031:816.078   CPU_ReadMem(4 bytes @ 0x41002100)
T5F2C 031:816.263 - 0.434ms returns FALSE
T5F2C 032:015.891 JLINK_IsHalted()
T5F2C 032:016.195   CPU_ReadMem(4 bytes @ 0x41002100)
T5F2C 032:016.423 - 0.537ms returns FALSE
T5F2C 032:215.925 JLINK_IsHalted()
T5F2C 032:216.186   CPU_ReadMem(4 bytes @ 0x41002100)
T5F2C 032:216.383 - 0.462ms returns FALSE
T5F2C 032:415.975 JLINK_IsHalted()
T5F2C 032:416.278   CPU_ReadMem(4 bytes @ 0x41002100)
T5F2C 032:416.533 - 0.564ms returns FALSE
T5F2C 032:616.049 JLINK_IsHalted()
T5F2C 032:616.344   CPU_ReadMem(4 bytes @ 0x41002100)
T5F2C 032:616.569 - 0.525ms returns FALSE
T5F2C 032:816.070 JLINK_IsHalted()
T5F2C 032:816.354   CPU_ReadMem(4 bytes @ 0x41002100)
T5F2C 032:816.561 - 0.495ms returns FALSE
T5F2C 033:016.115 JLINK_IsHalted()
T5F2C 033:016.442   CPU_ReadMem(4 bytes @ 0x41002100)
T5F2C 033:016.664 - 0.553ms returns FALSE
T5F2C 033:216.178 JLINK_IsHalted()
T5F2C 033:216.472   CPU_ReadMem(4 bytes @ 0x41002100)
T5F2C 033:216.686 - 0.512ms returns FALSE
T5F2C 033:416.201 JLINK_IsHalted()
T5F2C 033:416.473   CPU_ReadMem(4 bytes @ 0x41002100)
T5F2C 033:416.751 - 0.555ms returns FALSE
T5F2C 033:616.253 JLINK_IsHalted()
T5F2C 033:616.523   CPU_ReadMem(4 bytes @ 0x41002100)
T5F2C 033:616.734 - 0.485ms returns FALSE
T5F2C 033:816.316 JLINK_IsHalted()
T5F2C 033:816.621   CPU_ReadMem(4 bytes @ 0x41002100)
T5F2C 033:816.822 - 0.511ms returns FALSE
T5F2C 034:016.334 JLINK_IsHalted()
T5F2C 034:016.611   CPU_ReadMem(4 bytes @ 0x41002100)
T5F2C 034:016.824 - 0.495ms returns FALSE
T5F2C 034:216.387 JLINK_IsHalted()
T5F2C 034:216.680   CPU_ReadMem(4 bytes @ 0x41002100)
T5F2C 034:216.896 - 0.514ms returns FALSE
T5F2C 034:416.430 JLINK_IsHalted()
T5F2C 034:416.698   CPU_ReadMem(4 bytes @ 0x41002100)
T5F2C 034:416.893 - 0.467ms returns FALSE
T5F2C 034:616.475 JLINK_IsHalted()
T5F2C 034:616.745   CPU_ReadMem(4 bytes @ 0x41002100)
T5F2C 034:616.957 - 0.487ms returns FALSE
T5F2C 034:816.520 JLINK_IsHalted()
T5F2C 034:816.799   CPU_ReadMem(4 bytes @ 0x41002100)
T5F2C 034:817.037 - 0.522ms returns FALSE
T5F2C 035:016.568 JLINK_IsHalted()
T5F2C 035:016.905   CPU_ReadMem(4 bytes @ 0x41002100)
T5F2C 035:017.133 - 0.570ms returns FALSE
T5F2C 035:216.609 JLINK_IsHalted()
T5F2C 035:216.915   CPU_ReadMem(4 bytes @ 0x41002100)
T5F2C 035:217.129 - 0.524ms returns FALSE
T5F2C 035:416.654 JLINK_IsHalted()
T5F2C 035:416.934   CPU_ReadMem(4 bytes @ 0x41002100)
T5F2C 035:417.136 - 0.486ms returns FALSE
T5F2C 035:616.699 JLINK_IsHalted()
T5F2C 035:616.979   CPU_ReadMem(4 bytes @ 0x41002100)
T5F2C 035:617.193 - 0.499ms returns FALSE
T5F2C 035:816.748 JLINK_IsHalted()
T5F2C 035:817.025   CPU_ReadMem(4 bytes @ 0x41002100)
T5F2C 035:817.244 - 0.501ms returns FALSE
T5F2C 036:016.787 JLINK_IsHalted()
T5F2C 036:017.076   CPU_ReadMem(4 bytes @ 0x41002100)
T5F2C 036:017.280 - 0.498ms returns FALSE
T5F2C 036:216.833 JLINK_IsHalted()
T5F2C 036:217.148   CPU_ReadMem(4 bytes @ 0x41002100)
T5F2C 036:217.362 - 0.533ms returns FALSE
T61E4 036:222.989 JLINK_Halt()
T61E4 036:224.728 - 1.751ms returns 0x00
T5F2C 036:416.894 JLINK_IsHalted()
T5F2C 036:416.923 - 0.032ms returns TRUE
T5F2C 036:416.933 JLINK_GetMOEs(...)
T5F2C 036:416.946   CPU_ReadMem(4 bytes @ 0xE000ED30)
T5F2C 036:417.201 - 0.285ms returns 0x01
T5F2C 036:417.245 JLINK_ReadReg(R15 (PC))
T5F2C 036:417.256 - 0.014ms returns 0x00003A3A
T5324 036:417.870 JLINK_ResetPullsRESET(ON)
T5324 036:417.894 - 0.026ms
T5324 036:417.902 JLINK_ResetNoHalt()
T5324 036:418.064   InitTarget() start
T5324 036:418.079    J-Link Script File: Executing InitTarget()
T5324 036:418.093   InitTarget()
T5324 036:419.350   InitTarget() end
T5324 036:419.653   Found SW-DP with ID 0x0BC11477
T5324 036:420.541   DPIDR: 0x0BC11477
T5324 036:420.557   AP map detection skipped. Manually configured AP map found.
T5324 036:420.571   AP[0]: AHB-AP (IDR: Not set)
T5324 036:420.940   AP[0]: Core found
T5324 036:420.954   AP[0]: AHB-AP ROM base: 0x41003000
T5324 036:421.149   CPUID register: 0x410CC601. Implementer code: 0x41 (ARM)
T5324 036:421.163   Found Cortex-M0 r0p1, Little endian.
T5324 036:522.012   -- Max. mem block: 0x0000C220
T5324 036:522.028   CPU_ReadMem(4 bytes @ 0xE000EDF0)
T5324 036:522.212   CPU_ReadMem(4 bytes @ 0xE0002000)
T5324 036:522.407   FPUnit: 4 code (BP) slots and 0 literal slots
T5324 036:522.417   CPU_ReadMem(4 bytes @ 0xE0001000)
T5324 036:522.604   CoreSight components:
T5324 036:522.618   ROMTbl[0] @ 41003000
T5324 036:522.627   CPU_ReadMem(64 bytes @ 0x41003000)
T5324 036:523.023   CPU_ReadMem(32 bytes @ 0xE00FFFE0)
T5324 036:523.312   ROMTbl[0][0]: E00FF000, CID: B105100D, PID: 000BB4C0 ROM Table
T5324 036:523.326   ROMTbl[1] @ E00FF000
T5324 036:523.335   CPU_ReadMem(64 bytes @ 0xE00FF000)
T5324 036:523.712   CPU_ReadMem(32 bytes @ 0xE000EFE0)
T5324 036:524.035   ROMTbl[1][0]: E000E000, CID: B105E00D, PID: 000BB008 SCS
T5324 036:524.048   CPU_WriteMem(4 bytes @ 0xE0001000)
T5324 036:524.283   CPU_ReadMem(32 bytes @ 0xE0001FE0)
T5324 036:524.602   ROMTbl[1][1]: E0001000, CID: B105E00D, PID: 000BB00A DWT
T5324 036:524.613   CPU_ReadMem(32 bytes @ 0xE0002FE0)
T5324 036:524.960   ROMTbl[1][2]: E0002000, CID: B105E00D, PID: 000BB00B FPB
T5324 036:524.980   CPU_ReadMem(32 bytes @ 0x41006FE0)
T5324 036:525.422   ROMTbl[0][1]: 41006000, CID: B105900D, PID: 001BB932 MTB-M0+
T5324 036:525.449   JLINK_Reset()
T5324 036:525.536     ResetTarget() start
T5324 036:525.549      J-Link Script File: Executing ResetTarget()
T5324 036:525.559     CPU_ReadMem(4 bytes @ 0xE000EDFC)
T5324 036:525.770     CPU_WriteMem(4 bytes @ 0xE000EDFC)
T5324 036:525.985     CPU_WriteMem(4 bytes @ 0xE000ED0C)
T5324 036:527.870     CPU_ReadMem(4 bytes @ 0xE000EDF0)
T5324 036:528.091     CPU_ReadMem(4 bytes @ 0x41002100)
T5324 036:528.293     CPU_WriteMem(4 bytes @ 0x41002100)
T5324 036:528.524     CPU_ReadMem(4 bytes @ 0x41002100)
T5324 036:528.739     CPU_WriteMem(4 bytes @ 0xE000EDFC)
T5324 036:528.994     ResetTarget() end
T5324 036:531.226     CPU_WriteMem(4 bytes @ 0xE0002000)
T5324 036:531.476     CPU_ReadMem(4 bytes @ 0xE000EDFC)
T5324 036:531.731     CPU_ReadMem(4 bytes @ 0xE0001000)
T5324 036:531.976     CPU_WriteMem(4 bytes @ 0xE0001000)
T5324 036:532.220   - 6.778ms
T5324 036:532.232   JLINK_Go()
T5324 036:532.245     CPU_ReadMem(4 bytes @ 0xE0001000)
T5324 036:532.471     CPU_WriteMem(4 bytes @ 0xE0001000)
T5324 036:532.483     CPU_WriteMem(4 bytes @ 0xE0002008)
T5324 036:532.491     CPU_WriteMem(4 bytes @ 0xE000200C)
T5324 036:532.499     CPU_WriteMem(4 bytes @ 0xE0002010)
T5324 036:532.507     CPU_WriteMem(4 bytes @ 0xE0002014)
T5324 036:533.249     CPU_WriteMem(4 bytes @ 0xE0001004)
T5324 036:533.780   - 1.555ms
T5324 036:533.791 - 115.891ms
T5324 036:541.982 JLINK_Close()
T5324 036:542.143   CPU is running
T5324 036:542.157   CPU_WriteMem(4 bytes @ 0xE0002008)
T5324 036:542.467   CPU is running
T5324 036:542.487   CPU_WriteMem(4 bytes @ 0xE000200C)
T5324 036:542.719   CPU is running
T5324 036:542.733   CPU_WriteMem(4 bytes @ 0xE0002010)
T5324 036:542.960   CPU is running
T5324 036:542.969   CPU_WriteMem(4 bytes @ 0xE0002014)
T5324 036:553.339 - 11.364ms
T5324 036:553.349   
T5324 036:553.354   Closed
